<?xml version="1.0" encoding="UTF-8"?>
<!-- Generated by org.testng.reporters.JUnitXMLReporter -->
<testsuite ignored="0" hostname="JCI-MH68" failures="1" tests="6" name="Surefire test" time="44.421" errors="0" timestamp="2023-06-26T10:41:05 IST">
  <testcase classname="com.csm.qa.test.HomePageTest" name="clickOnCMSModule" time="1.34"/>
  <testcase classname="com.csm.qa.test.HomePageTest" name="clickonIDC" time="2.71"/>
  <testcase classname="com.csm.qa.test.LoginPageTest" name="LoginWithValidCredentials" time="8.758"/>
  <testcase classname="com.csm.qa.test.LoginPageTest" name="Test4" time="0.067"/>
  <testcase classname="com.csm.qa.test.LoginPageTest" name="Test5" time="8.456">
    <failure type="java.lang.AssertionError" message="Invalid Credentials expected [ome Page] but found [Home Page]">
      <![CDATA[java.lang.AssertionError: Invalid Credentials expected [ome Page] but found [Home Page]
at com.csm.qa.test.LoginPageTest.Test5(LoginPageTest.java:141)
at java.base/java.util.ArrayList.forEach(ArrayList.java:1511)
... Removed 34 stack frames]]>
    </failure>
  </testcase> <!-- Test5 -->
  <testcase classname="com.csm.qa.test.LoginPageTest" name="Test6" time="7.487"/>
</testsuite> <!-- Surefire test -->
